<?xml version="1.0" encoding="UTF-8"?>
<!-- Generated by org.testng.reporters.JUnitXMLReporter -->
<testsuite ignored="0" hostname="DESKTOP-IGU0SHR" failures="2" tests="2" name="Test" time="22.165" errors="0" timestamp="14 Sep 2021 14:24:24 GMT">
  <testcase classname="org.com.Testsample" name="tc0" time="0.0">
    <failure type="org.testng.TestNGException" message="
Parameter &amp;apos;username&amp;apos; is required by @Test on method tc0 but has not been marked @Optional or defined
in C:\Users\d\eclipse-workspace\venkat\testng.xml">
      <![CDATA[org.testng.TestNGException: 
Parameter 'username' is required by @Test on method tc0 but has not been marked @Optional or defined
in C:\Users\d\eclipse-workspace\venkat\testng.xml
... Removed 24 stack frames]]>
    </failure>
  </testcase> <!-- tc0 -->
  <testcase classname="org.com.Testsample" name="tc1" time="0.0">
    <failure type="org.testng.TestNGException" message="
Parameter &amp;apos;password&amp;apos; is required by @Test on method tc1 but has not been marked @Optional or defined
in C:\Users\d\eclipse-workspace\venkat\testng.xml">
      <![CDATA[org.testng.TestNGException: 
Parameter 'password' is required by @Test on method tc1 but has not been marked @Optional or defined
in C:\Users\d\eclipse-workspace\venkat\testng.xml
... Removed 24 stack frames]]>
    </failure>
  </testcase> <!-- tc1 -->
</testsuite> <!-- Test -->
